<?xml version="1.0" encoding="UTF-8"?>
<testsuite name="io.hhplus.tdd.point.PointControllerTest" tests="1" skipped="0" failures="0" errors="0" timestamp="2024-03-17T14:41:14" hostname="chacha.local" time="1.005">
  <properties/>
  <testcase name="point()" classname="io.hhplus.tdd.point.PointControllerTest" time="1.005"/>
  <system-out><![CDATA[23:41:12.897 [Test worker] INFO org.springframework.test.context.support.AnnotationConfigContextLoaderUtils -- Could not detect default configuration classes for test class [io.hhplus.tdd.point.PointControllerTest]: PointControllerTest does not declare any static, non-private, non-final, nested classes annotated with @Configuration.
23:41:13.032 [Test worker] INFO org.springframework.boot.test.context.SpringBootTestContextBootstrapper -- Found @SpringBootConfiguration io.hhplus.tdd.TddApplication for test class io.hhplus.tdd.point.PointControllerTest

  .   ____          _            __ _ _
 /\\ / ___'_ __ _ _(_)_ __  __ _ \ \ \ \
( ( )\___ | '_ | '_| | '_ \/ _` | \ \ \ \
 \\/  ___)| |_)| | | | | || (_| |  ) ) ) )
  '  |____| .__|_| |_|_| |_\__, | / / / /
 =========|_|==============|___/=/_/_/_/
 :: Spring Boot ::                (v3.2.0)

2024-03-17T23:41:13.466+09:00  INFO 3052 --- [hhplus-tdd-jvm-java] [    Test worker] i.hhplus.tdd.point.PointControllerTest   : Starting PointControllerTest using Java 17.0.9 with PID 3052 (started by chacha in /Users/chacha/Applications/tdd/hhplus01_tdd/hhplus-tdd-jvm-java)
2024-03-17T23:41:13.467+09:00  INFO 3052 --- [hhplus-tdd-jvm-java] [    Test worker] i.hhplus.tdd.point.PointControllerTest   : No active profile set, falling back to 1 default profile: "default"
2024-03-17T23:41:14.512+09:00  INFO 3052 --- [hhplus-tdd-jvm-java] [    Test worker] o.s.b.w.embedded.tomcat.TomcatWebServer  : Tomcat initialized with port 0 (http)
2024-03-17T23:41:14.527+09:00  INFO 3052 --- [hhplus-tdd-jvm-java] [    Test worker] o.apache.catalina.core.StandardService   : Starting service [Tomcat]
2024-03-17T23:41:14.527+09:00  INFO 3052 --- [hhplus-tdd-jvm-java] [    Test worker] o.apache.catalina.core.StandardEngine    : Starting Servlet engine: [Apache Tomcat/10.1.16]
2024-03-17T23:41:14.585+09:00  INFO 3052 --- [hhplus-tdd-jvm-java] [    Test worker] o.a.c.c.C.[Tomcat].[localhost].[/]       : Initializing Spring embedded WebApplicationContext
2024-03-17T23:41:14.586+09:00  INFO 3052 --- [hhplus-tdd-jvm-java] [    Test worker] w.s.c.ServletWebServerApplicationContext : Root WebApplicationContext: initialization completed in 1098 ms
2024-03-17T23:41:14.931+09:00  INFO 3052 --- [hhplus-tdd-jvm-java] [    Test worker] o.s.b.w.embedded.tomcat.TomcatWebServer  : Tomcat started on port 51943 (http) with context path ''
2024-03-17T23:41:14.938+09:00  INFO 3052 --- [hhplus-tdd-jvm-java] [    Test worker] i.hhplus.tdd.point.PointControllerTest   : Started PointControllerTest in 1.747 seconds (process running for 3.107)
2024-03-17T23:41:15.787+09:00  INFO 3052 --- [hhplus-tdd-jvm-java] [o-auto-1-exec-1] o.a.c.c.C.[Tomcat].[localhost].[/]       : Initializing Spring DispatcherServlet 'dispatcherServlet'
2024-03-17T23:41:15.787+09:00  INFO 3052 --- [hhplus-tdd-jvm-java] [o-auto-1-exec-1] o.s.web.servlet.DispatcherServlet        : Initializing Servlet 'dispatcherServlet'
2024-03-17T23:41:15.788+09:00  INFO 3052 --- [hhplus-tdd-jvm-java] [o-auto-1-exec-1] o.s.web.servlet.DispatcherServlet        : Completed initialization in 1 ms
]]></system-out>
  <system-err><![CDATA[]]></system-err>
</testsuite>
